<?xml version="1.0" encoding="UTF-8"?>
<!-- Generated by org.testng.reporters.JUnitReportReporter -->
<testsuite hostname="Mohammads-iMac.home" failures="0" tests="1" name="action_frame.frameTest" time="8.616" errors="0" timestamp="2020-08-18T13:33:53 CDT" skipped="0">
  <testcase classname="action_frame.frameTest" name="able" time="8.616"/>
  <system-out/>
</testsuite> <!-- action_frame.frameTest -->
